API response sent - RequestId: a502946b-6309-462f-ab32-96f451a2baf4, Path: /api/topstudents, Status: 0
{"requestId":"a502946b-6309-462f-ab32-96f451a2baf4","path":"/api/topstudents","pathTemplate":"/api/topstudents","method":"GET","elapsedTime":733288,"pathParam":"single","requestTime":1692787632449,"responseStatus":0,"host":"APH10013","errorMessage":"Not Found","errorStackTrace":"api.StudentResource.topStudentResponse(StudentResource.java:55)sun.reflect.NativeMethodAccessorImpl.invoke0(Native Method)sun.reflect.NativeMethodAccessorImpl.invoke(NativeMethodAccessorImpl.java:62)sun.reflect.DelegatingMethodAccessorImpl.invoke(DelegatingMethodAccessorImpl.java:43)java.lang.reflect.Method.invoke(Method.java:498)"}
API response error - RequestId: a502946b-6309-462f-ab32-96f451a2baf4, Path: /api/topstudents, Status: 0
API response sent - RequestId: 2d1aa090-78d6-4c85-b5fa-bc75828621ed, Path: /api/avg, Status: 0
API response sent - RequestId: 2c93a1fe-a4a9-4efd-ba10-ed1dba1ddeca, Path: /api/avg, Status: 0
{"requestId":"2c93a1fe-a4a9-4efd-ba10-ed1dba1ddeca","path":"/api/avg","pathTemplate":"/api/avg","method":"GET","elapsedTime":70273,"pathParam":"single","requestTime":1692789887768,"responseStatus":0,"host":"APH10013","errorMessage":"Not Found","errorStackTrace":"api.StudentResource.getAvegOfStudent(StudentResource.java:43)sun.reflect.NativeMethodAccessorImpl.invoke0(Native Method)sun.reflect.NativeMethodAccessorImpl.invoke(NativeMethodAccessorImpl.java:62)sun.reflect.DelegatingMethodAccessorImpl.invoke(DelegatingMethodAccessorImpl.java:43)java.lang.reflect.Method.invoke(Method.java:498)"}
API response error - RequestId: 2c93a1fe-a4a9-4efd-ba10-ed1dba1ddeca, Path: /api/avg, Status: 0
API response sent - RequestId: f87a635c-56e5-4386-8811-12e19a91604b, Path: /api/avg, Status: 0
{"requestId":"f87a635c-56e5-4386-8811-12e19a91604b","path":"/api/avg","pathTemplate":"/api/avg","method":"GET","elapsedTime":8141,"pathParam":"single","requestTime":1692805650799,"responseStatus":0,"host":"APH10013","errorMessage":"Not Found","errorStackTrace":"api.StudentResource.getAvegOfStudent(StudentResource.java:43)sun.reflect.NativeMethodAccessorImpl.invoke0(Native Method)sun.reflect.NativeMethodAccessorImpl.invoke(NativeMethodAccessorImpl.java:62)sun.reflect.DelegatingMethodAccessorImpl.invoke(DelegatingMethodAccessorImpl.java:43)java.lang.reflect.Method.invoke(Method.java:498)"}
API response error - RequestId: f87a635c-56e5-4386-8811-12e19a91604b, Path: /api/avg, Status: 0
API response sent - RequestId: a320fb09-b5ee-4c1b-8818-6dec321773a3, Path: /api/avg, Status: 0
{"requestId":"a320fb09-b5ee-4c1b-8818-6dec321773a3","path":"/api/avg","pathTemplate":"/api/avg","method":"GET","elapsedTime":279,"pathParam":"single","requestTime":1692805690151,"responseStatus":0,"host":"APH10013","errorMessage":"Not Found","errorStackTrace":"api.StudentResource.getAvegOfStudent(StudentResource.java:43)sun.reflect.NativeMethodAccessorImpl.invoke0(Native Method)sun.reflect.NativeMethodAccessorImpl.invoke(NativeMethodAccessorImpl.java:62)sun.reflect.DelegatingMethodAccessorImpl.invoke(DelegatingMethodAccessorImpl.java:43)java.lang.reflect.Method.invoke(Method.java:498)"}
API response error - RequestId: a320fb09-b5ee-4c1b-8818-6dec321773a3, Path: /api/avg, Status: 0
API response sent - RequestId: 52174948-6320-4cd0-acb3-c87f9158b52a, Path: /api/studentdetails, Status: 0
{"requestId":"52174948-6320-4cd0-acb3-c87f9158b52a","path":"/api/studentdetails","pathTemplate":"/api/studentdetails","method":"POST","elapsedTime":67,"pathParam":"single","requestTime":1692805710236,"responseStatus":0,"host":"APH10013"}
API response sent - RequestId: 5a54ad79-f4d0-475e-b5a2-b1401ce93fe7, Path: /api/studentdetails, Status: 0
{"requestId":"5a54ad79-f4d0-475e-b5a2-b1401ce93fe7","path":"/api/studentdetails","pathTemplate":"/api/studentdetails","method":"POST","elapsedTime":1,"pathParam":"single","requestTime":1692805714742,"responseStatus":0,"host":"APH10013"}
API response sent - RequestId: 5bd0366e-1483-4096-a5ff-8fc7c1c39387, Path: /api/avg, Status: 0
{"requestId":"5bd0366e-1483-4096-a5ff-8fc7c1c39387","path":"/api/avg","pathTemplate":"/api/avg","method":"GET","elapsedTime":0,"pathParam":"single","requestTime":1692805727793,"responseStatus":0,"host":"APH10013"}
API response sent - RequestId: c59a9ef5-4165-477f-8c6a-8b455b4cef73, Path: /api/topstudents, Status: 0
{"requestId":"c59a9ef5-4165-477f-8c6a-8b455b4cef73","path":"/api/topstudents","pathTemplate":"/api/topstudents","method":"GET","elapsedTime":31,"pathParam":"single","requestTime":1692805744973,"responseStatus":0,"host":"APH10013"}
API response sent - RequestId: a01bd614-a6e8-4eb9-b6ac-713c78aab9c9, Path: /api/topstudents, Status: 0
{"requestId":"a01bd614-a6e8-4eb9-b6ac-713c78aab9c9","path":"/api/topstudents","pathTemplate":"/api/topstudents","method":"GET","elapsedTime":226,"pathParam":"single","requestTime":1692806087720,"responseStatus":0,"host":"APH10013","errorMessage":"Not Found","errorStackTrace":"api.StudentResource.topStudentResponse(StudentResource.java:55)sun.reflect.NativeMethodAccessorImpl.invoke0(Native Method)sun.reflect.NativeMethodAccessorImpl.invoke(NativeMethodAccessorImpl.java:62)sun.reflect.DelegatingMethodAccessorImpl.invoke(DelegatingMethodAccessorImpl.java:43)java.lang.reflect.Method.invoke(Method.java:498)"}
API response error - RequestId: a01bd614-a6e8-4eb9-b6ac-713c78aab9c9, Path: /api/topstudents, Status: 0
API response sent - RequestId: 54f1dcf3-3656-4ebb-8171-03280da83404, Path: /api/studentdetails, Status: 0
{"requestId":"54f1dcf3-3656-4ebb-8171-03280da83404","path":"/api/studentdetails","pathTemplate":"/api/studentdetails","method":"POST","elapsedTime":43,"pathParam":"single","requestTime":1692806121272,"responseStatus":0,"host":"APH10013"}
API response sent - RequestId: 68378fdb-ad56-45a7-b8c6-f356ae2a1f4e, Path: /api/studentdetails, Status: 0
{"requestId":"68378fdb-ad56-45a7-b8c6-f356ae2a1f4e","path":"/api/studentdetails","pathTemplate":"/api/studentdetails","method":"POST","elapsedTime":2,"pathParam":"single","requestTime":1692806123179,"responseStatus":0,"host":"APH10013"}
API response sent - RequestId: e8249db0-94e4-4eae-9a79-194ca0c05d6c, Path: /api/avg, Status: 0
{"requestId":"e8249db0-94e4-4eae-9a79-194ca0c05d6c","path":"/api/avg","pathTemplate":"/api/avg","method":"GET","elapsedTime":10,"pathParam":"single","requestTime":1692806132097,"responseStatus":0,"host":"APH10013"}
API response sent - RequestId: dc7f1524-3fa7-473e-ab77-94894277b65c, Path: /api/avg, Status: 0
{"requestId":"dc7f1524-3fa7-473e-ab77-94894277b65c","path":"/api/avg","pathTemplate":"/api/avg","method":"GET","elapsedTime":1,"pathParam":"single","requestTime":1692806175656,"responseStatus":0,"host":"APH10013"}
